<?xml version="1.0" encoding="UTF-8"?>
<!-- Generated by org.testng.reporters.JUnitReportReporter -->
<testsuite skipped="0" hostname="DESKTOP-H11J6VQ" name="com.goDeskless.testcases.TicketFlow" tests="1" failures="0" timestamp="18 Mar 2021 07:53:20 GMT" time="69.013" errors="0">
  <testcase name="CreateTicketsAssignAgent" time="69.013" classname="com.goDeskless.testcases.TicketFlow"/>
</testsuite> <!-- com.goDeskless.testcases.TicketFlow -->
