<?xml version="1.0" encoding="UTF-8"?>
<!-- Generated by org.testng.reporters.JUnitReportReporter -->
<testsuite skipped="0" hostname="dhanshree-Lap" name="com.goDeskless.testcases.Login_Positive_Testcase" tests="1" failures="0" timestamp="04 Sep 2020 03:38:16 GMT" time="38.513" errors="0">
  <testcase name="Login_Positive_01" time="38.513" classname="com.goDeskless.testcases.Login_Positive_Testcase"/>
</testsuite> <!-- com.goDeskless.testcases.Login_Positive_Testcase -->
