<?xml version="1.0" encoding="UTF-8"?>
<!-- Generated by org.testng.reporters.JUnitReportReporter -->
<testsuite skipped="0" hostname="dhanshree-Lap" name="com.goDeskless.testcases.LoginDashboard" tests="1" failures="0" timestamp="21 Aug 2020 04:41:53 GMT" time="23.176" errors="0">
  <testcase name="ValidCredentials" time="23.176" classname="com.goDeskless.testcases.LoginDashboard"/>
</testsuite> <!-- com.goDeskless.testcases.LoginDashboard -->
