<?xml version="1.0" encoding="UTF-8"?>
<!-- Generated by org.testng.reporters.JUnitReportReporter -->
<testsuite skipped="0" hostname="DESKTOP-H11J6VQ" name="com.goDeskless.testcases.SignUp_01" tests="2" failures="0" timestamp="26 Feb 2020 04:33:58 GMT" time="49.398" errors="0">
  <testcase name="userLoginWithCorrectCredential" time="25.874" classname="com.goDeskless.testcases.SignUp_01"/>
  <testcase name="goDesklessPortalURL" time="23.524" classname="com.goDeskless.testcases.SignUp_01"/>
</testsuite> <!-- com.goDeskless.testcases.SignUp_01 -->
