<?xml version="1.0" encoding="UTF-8"?>
<!-- Generated by org.testng.reporters.JUnitReportReporter -->
<testsuite skipped="2" hostname="DESKTOP-H11J6VQ" name="com.goDeskless.testcases.TestCases" tests="3" failures="0" timestamp="16 Mar 2020 13:36:04 GMT" time="48.743" errors="0">
  <testcase name="Login_Dashboard_20" time="48.743" classname="com.goDeskless.testcases.TestCases"/>
  <testcase name="softAssert" classname="com.goDeskless.testcases.TestCases">
    <skipped/>
  </testcase> <!-- softAssert -->
  <testcase name="Login_Dashboard_19" classname="com.goDeskless.testcases.TestCases">
    <skipped/>
  </testcase> <!-- Login_Dashboard_19 -->
</testsuite> <!-- com.goDeskless.testcases.TestCases -->
